INFO - 2024-03-08 20:40:05 --> Session: Class initialized using 'CodeIgniter\Session\Handlers\FileHandler' driver.
INFO - 2024-03-08 20:40:14 --> Session: Class initialized using 'CodeIgniter\Session\Handlers\FileHandler' driver.
INFO - 2024-03-08 20:40:14 --> Session: Class initialized using 'CodeIgniter\Session\Handlers\FileHandler' driver.
INFO - 2024-03-08 20:44:35 --> Session: Class initialized using 'CodeIgniter\Session\Handlers\FileHandler' driver.
INFO - 2024-03-08 20:44:45 --> Session: Class initialized using 'CodeIgniter\Session\Handlers\FileHandler' driver.
INFO - 2024-03-08 20:44:45 --> Session: Class initialized using 'CodeIgniter\Session\Handlers\FileHandler' driver.
INFO - 2024-03-08 20:45:55 --> Session: Class initialized using 'CodeIgniter\Session\Handlers\FileHandler' driver.
CRITICAL - 2024-03-08 20:45:55 --> ErrorException: Undefined variable: data
in APPPATH\Views\user\index.php on line 41.
 1 APPPATH\Views\user\index.php(41): CodeIgniter\Debug\Exceptions->errorHandler(8, 'Undefined variable: data', 'C:\\xampp\\htdocs\\notlarimnet\\app\\Views\\user\\index.php', 41, [...])
 2 SYSTEMPATH\View\View.php(228): include('C:\\xampp\\htdocs\\notlarimnet\\app\\Views\\user\\index.php')
 3 SYSTEMPATH\View\View.php(231): CodeIgniter\View\View->CodeIgniter\View\{closure}()
 4 SYSTEMPATH\Common.php(1178): CodeIgniter\View\View->render('user/index', [], true)
 5 APPPATH\Controllers\ProcessController.php(77): view('user/index', [...])
 6 SYSTEMPATH\CodeIgniter.php(941): App\Controllers\ProcessController->page_home()
 7 SYSTEMPATH\CodeIgniter.php(502): CodeIgniter\CodeIgniter->runController(Object(App\Controllers\ProcessController))
 8 SYSTEMPATH\CodeIgniter.php(361): CodeIgniter\CodeIgniter->handleRequest(null, Object(Config\Cache), false)
 9 FCPATH\index.php(79): CodeIgniter\CodeIgniter->run()
10 SYSTEMPATH\Commands\Server\rewrite.php(47): require_once('C:\\xampp\\htdocs\\notlarimnet\\public\\index.php')
INFO - 2024-03-08 20:48:52 --> Session: Class initialized using 'CodeIgniter\Session\Handlers\FileHandler' driver.
INFO - 2024-03-08 20:49:46 --> Session: Class initialized using 'CodeIgniter\Session\Handlers\FileHandler' driver.
CRITICAL - 2024-03-08 20:49:46 --> ErrorException: Undefined variable: data
in APPPATH\Views\user\index.php on line 41.
 1 APPPATH\Views\user\index.php(41): CodeIgniter\Debug\Exceptions->errorHandler(8, 'Undefined variable: data', 'C:\\xampp\\htdocs\\notlarimnet\\app\\Views\\user\\index.php', 41, [...])
 2 SYSTEMPATH\View\View.php(228): include('C:\\xampp\\htdocs\\notlarimnet\\app\\Views\\user\\index.php')
 3 SYSTEMPATH\View\View.php(231): CodeIgniter\View\View->CodeIgniter\View\{closure}()
 4 SYSTEMPATH\Common.php(1178): CodeIgniter\View\View->render('user/index', [], true)
 5 APPPATH\Controllers\ProcessController.php(77): view('user/index', [...])
 6 SYSTEMPATH\CodeIgniter.php(941): App\Controllers\ProcessController->page_home()
 7 SYSTEMPATH\CodeIgniter.php(502): CodeIgniter\CodeIgniter->runController(Object(App\Controllers\ProcessController))
 8 SYSTEMPATH\CodeIgniter.php(361): CodeIgniter\CodeIgniter->handleRequest(null, Object(Config\Cache), false)
 9 FCPATH\index.php(79): CodeIgniter\CodeIgniter->run()
10 SYSTEMPATH\Commands\Server\rewrite.php(47): require_once('C:\\xampp\\htdocs\\notlarimnet\\public\\index.php')
INFO - 2024-03-08 20:51:21 --> Session: Class initialized using 'CodeIgniter\Session\Handlers\FileHandler' driver.
INFO - 2024-03-08 20:51:21 --> Session: Class initialized using 'CodeIgniter\Session\Handlers\FileHandler' driver.
CRITICAL - 2024-03-08 20:51:21 --> ErrorException: Undefined variable: data
in APPPATH\Views\user\index.php on line 44.
 1 APPPATH\Views\user\index.php(44): CodeIgniter\Debug\Exceptions->errorHandler(8, 'Undefined variable: data', 'C:\\xampp\\htdocs\\notlarimnet\\app\\Views\\user\\index.php', 44, [...])
 2 SYSTEMPATH\View\View.php(228): include('C:\\xampp\\htdocs\\notlarimnet\\app\\Views\\user\\index.php')
 3 SYSTEMPATH\View\View.php(231): CodeIgniter\View\View->CodeIgniter\View\{closure}()
 4 SYSTEMPATH\Common.php(1178): CodeIgniter\View\View->render('user/index', [], true)
 5 APPPATH\Controllers\ProcessController.php(77): view('user/index', [...])
 6 SYSTEMPATH\CodeIgniter.php(941): App\Controllers\ProcessController->page_home()
 7 SYSTEMPATH\CodeIgniter.php(502): CodeIgniter\CodeIgniter->runController(Object(App\Controllers\ProcessController))
 8 SYSTEMPATH\CodeIgniter.php(361): CodeIgniter\CodeIgniter->handleRequest(null, Object(Config\Cache), false)
 9 FCPATH\index.php(79): CodeIgniter\CodeIgniter->run()
10 SYSTEMPATH\Commands\Server\rewrite.php(47): require_once('C:\\xampp\\htdocs\\notlarimnet\\public\\index.php')
INFO - 2024-03-08 20:52:59 --> Session: Class initialized using 'CodeIgniter\Session\Handlers\FileHandler' driver.
CRITICAL - 2024-03-08 20:52:59 --> ErrorException: Undefined variable: data
in APPPATH\Views\user\index.php on line 42.
 1 APPPATH\Views\user\index.php(42): CodeIgniter\Debug\Exceptions->errorHandler(8, 'Undefined variable: data', 'C:\\xampp\\htdocs\\notlarimnet\\app\\Views\\user\\index.php', 42, [...])
 2 SYSTEMPATH\View\View.php(228): include('C:\\xampp\\htdocs\\notlarimnet\\app\\Views\\user\\index.php')
 3 SYSTEMPATH\View\View.php(231): CodeIgniter\View\View->CodeIgniter\View\{closure}()
 4 SYSTEMPATH\Common.php(1178): CodeIgniter\View\View->render('user/index', [], true)
 5 APPPATH\Controllers\ProcessController.php(77): view('user/index', [...])
 6 SYSTEMPATH\CodeIgniter.php(941): App\Controllers\ProcessController->page_home()
 7 SYSTEMPATH\CodeIgniter.php(502): CodeIgniter\CodeIgniter->runController(Object(App\Controllers\ProcessController))
 8 SYSTEMPATH\CodeIgniter.php(361): CodeIgniter\CodeIgniter->handleRequest(null, Object(Config\Cache), false)
 9 FCPATH\index.php(79): CodeIgniter\CodeIgniter->run()
10 SYSTEMPATH\Commands\Server\rewrite.php(47): require_once('C:\\xampp\\htdocs\\notlarimnet\\public\\index.php')
INFO - 2024-03-08 20:53:50 --> Session: Class initialized using 'CodeIgniter\Session\Handlers\FileHandler' driver.
CRITICAL - 2024-03-08 20:53:50 --> ErrorException: Undefined variable: data
in APPPATH\Views\user\index.php on line 41.
 1 APPPATH\Views\user\index.php(41): CodeIgniter\Debug\Exceptions->errorHandler(8, 'Undefined variable: data', 'C:\\xampp\\htdocs\\notlarimnet\\app\\Views\\user\\index.php', 41, [...])
 2 SYSTEMPATH\View\View.php(228): include('C:\\xampp\\htdocs\\notlarimnet\\app\\Views\\user\\index.php')
 3 SYSTEMPATH\View\View.php(231): CodeIgniter\View\View->CodeIgniter\View\{closure}()
 4 SYSTEMPATH\Common.php(1178): CodeIgniter\View\View->render('user/index', [], true)
 5 APPPATH\Controllers\ProcessController.php(77): view('user/index', [...])
 6 SYSTEMPATH\CodeIgniter.php(941): App\Controllers\ProcessController->page_home()
 7 SYSTEMPATH\CodeIgniter.php(502): CodeIgniter\CodeIgniter->runController(Object(App\Controllers\ProcessController))
 8 SYSTEMPATH\CodeIgniter.php(361): CodeIgniter\CodeIgniter->handleRequest(null, Object(Config\Cache), false)
 9 FCPATH\index.php(79): CodeIgniter\CodeIgniter->run()
10 SYSTEMPATH\Commands\Server\rewrite.php(47): require_once('C:\\xampp\\htdocs\\notlarimnet\\public\\index.php')
INFO - 2024-03-08 20:56:57 --> Session: Class initialized using 'CodeIgniter\Session\Handlers\FileHandler' driver.
INFO - 2024-03-08 20:57:45 --> Session: Class initialized using 'CodeIgniter\Session\Handlers\FileHandler' driver.
INFO - 2024-03-08 20:57:46 --> Session: Class initialized using 'CodeIgniter\Session\Handlers\FileHandler' driver.
INFO - 2024-03-08 20:58:11 --> Session: Class initialized using 'CodeIgniter\Session\Handlers\FileHandler' driver.
INFO - 2024-03-08 20:58:12 --> Session: Class initialized using 'CodeIgniter\Session\Handlers\FileHandler' driver.
INFO - 2024-03-08 20:58:43 --> Session: Class initialized using 'CodeIgniter\Session\Handlers\FileHandler' driver.
CRITICAL - 2024-03-08 20:58:43 --> ErrorException: Undefined variable: data
in APPPATH\Views\user\index.php on line 40.
 1 APPPATH\Views\user\index.php(40): CodeIgniter\Debug\Exceptions->errorHandler(8, 'Undefined variable: data', 'C:\\xampp\\htdocs\\notlarimnet\\app\\Views\\user\\index.php', 40, [...])
 2 SYSTEMPATH\View\View.php(228): include('C:\\xampp\\htdocs\\notlarimnet\\app\\Views\\user\\index.php')
 3 SYSTEMPATH\View\View.php(231): CodeIgniter\View\View->CodeIgniter\View\{closure}()
 4 SYSTEMPATH\Common.php(1178): CodeIgniter\View\View->render('user/index', [], true)
 5 APPPATH\Controllers\ProcessController.php(77): view('user/index', [...])
 6 SYSTEMPATH\CodeIgniter.php(941): App\Controllers\ProcessController->page_home()
 7 SYSTEMPATH\CodeIgniter.php(502): CodeIgniter\CodeIgniter->runController(Object(App\Controllers\ProcessController))
 8 SYSTEMPATH\CodeIgniter.php(361): CodeIgniter\CodeIgniter->handleRequest(null, Object(Config\Cache), false)
 9 FCPATH\index.php(79): CodeIgniter\CodeIgniter->run()
10 SYSTEMPATH\Commands\Server\rewrite.php(47): require_once('C:\\xampp\\htdocs\\notlarimnet\\public\\index.php')
INFO - 2024-03-08 21:00:12 --> Session: Class initialized using 'CodeIgniter\Session\Handlers\FileHandler' driver.
CRITICAL - 2024-03-08 21:00:12 --> ErrorException: Undefined variable: üst
in APPPATH\Controllers\ProcessController.php on line 78.
 1 APPPATH\Controllers\ProcessController.php(78): CodeIgniter\Debug\Exceptions->errorHandler(8, 'Undefined variable: üst', 'C:\\xampp\\htdocs\\notlarimnet\\app\\Controllers\\ProcessController.php', 78, [...])
 2 SYSTEMPATH\CodeIgniter.php(941): App\Controllers\ProcessController->page_home()
 3 SYSTEMPATH\CodeIgniter.php(502): CodeIgniter\CodeIgniter->runController(Object(App\Controllers\ProcessController))
 4 SYSTEMPATH\CodeIgniter.php(361): CodeIgniter\CodeIgniter->handleRequest(null, Object(Config\Cache), false)
 5 FCPATH\index.php(79): CodeIgniter\CodeIgniter->run()
 6 SYSTEMPATH\Commands\Server\rewrite.php(47): require_once('C:\\xampp\\htdocs\\notlarimnet\\public\\index.php')
INFO - 2024-03-08 21:00:13 --> Session: Class initialized using 'CodeIgniter\Session\Handlers\FileHandler' driver.
CRITICAL - 2024-03-08 21:00:13 --> ErrorException: Undefined variable: üst
in APPPATH\Controllers\ProcessController.php on line 78.
 1 APPPATH\Controllers\ProcessController.php(78): CodeIgniter\Debug\Exceptions->errorHandler(8, 'Undefined variable: üst', 'C:\\xampp\\htdocs\\notlarimnet\\app\\Controllers\\ProcessController.php', 78, [...])
 2 SYSTEMPATH\CodeIgniter.php(941): App\Controllers\ProcessController->page_home()
 3 SYSTEMPATH\CodeIgniter.php(502): CodeIgniter\CodeIgniter->runController(Object(App\Controllers\ProcessController))
 4 SYSTEMPATH\CodeIgniter.php(361): CodeIgniter\CodeIgniter->handleRequest(null, Object(Config\Cache), false)
 5 FCPATH\index.php(79): CodeIgniter\CodeIgniter->run()
 6 SYSTEMPATH\Commands\Server\rewrite.php(47): require_once('C:\\xampp\\htdocs\\notlarimnet\\public\\index.php')
INFO - 2024-03-08 21:03:05 --> Session: Class initialized using 'CodeIgniter\Session\Handlers\FileHandler' driver.
CRITICAL - 2024-03-08 21:03:05 --> ErrorException: Undefined variable: üst
in APPPATH\Controllers\ProcessController.php on line 78.
 1 APPPATH\Controllers\ProcessController.php(78): CodeIgniter\Debug\Exceptions->errorHandler(8, 'Undefined variable: üst', 'C:\\xampp\\htdocs\\notlarimnet\\app\\Controllers\\ProcessController.php', 78, [...])
 2 SYSTEMPATH\CodeIgniter.php(941): App\Controllers\ProcessController->page_home()
 3 SYSTEMPATH\CodeIgniter.php(502): CodeIgniter\CodeIgniter->runController(Object(App\Controllers\ProcessController))
 4 SYSTEMPATH\CodeIgniter.php(361): CodeIgniter\CodeIgniter->handleRequest(null, Object(Config\Cache), false)
 5 FCPATH\index.php(79): CodeIgniter\CodeIgniter->run()
 6 SYSTEMPATH\Commands\Server\rewrite.php(47): require_once('C:\\xampp\\htdocs\\notlarimnet\\public\\index.php')
INFO - 2024-03-08 21:03:24 --> Session: Class initialized using 'CodeIgniter\Session\Handlers\FileHandler' driver.
INFO - 2024-03-08 21:03:35 --> Session: Class initialized using 'CodeIgniter\Session\Handlers\FileHandler' driver.
INFO - 2024-03-08 21:04:20 --> Session: Class initialized using 'CodeIgniter\Session\Handlers\FileHandler' driver.
INFO - 2024-03-08 21:04:33 --> Session: Class initialized using 'CodeIgniter\Session\Handlers\FileHandler' driver.
INFO - 2024-03-08 21:04:45 --> Session: Class initialized using 'CodeIgniter\Session\Handlers\FileHandler' driver.
INFO - 2024-03-08 21:05:07 --> Session: Class initialized using 'CodeIgniter\Session\Handlers\FileHandler' driver.
INFO - 2024-03-08 21:05:48 --> Session: Class initialized using 'CodeIgniter\Session\Handlers\FileHandler' driver.
INFO - 2024-03-08 21:19:52 --> Session: Class initialized using 'CodeIgniter\Session\Handlers\FileHandler' driver.
